bash: run.sh: No such file or directory
Starting Parallel Experiments...
Working directory: /home/shigekikusaka/blackrl
Started Proposed (IRL) [PID: 1598242]
Started Oracle (SoftQL) [PID: 1598243]
Started Oracle (SoftVI) [PID: 1598245]

All experiments started in background!
You can safely close the terminal. Processes will continue running.

PID files saved: data/internal/same/.pids_irl.txt, data/internal/same/.pids_softql.txt, data/internal/same/.pids_softvi.txt
To check progress: tail -f data/internal/same/logs_irl.txt (or logs_softql.txt, logs_softvi.txt)
To check if still running: ps -p 1598242 1598243 1598245

Waiting for all experiments to finish...
(Press Ctrl+C to detach - processes will continue in background)
All experiments finished!
Generating plots...
2025-12-19 06:23:55.891 | INFO     | blackrl.config:<module>:11 - PROJ_ROOT path is: /data01/shigekikusaka/blackrl

=== Merging Results and Plotting ===
Loaded: Proposed (IRL)
Loaded: Oracle (SoftQL)
Loaded: Oracle (SoftVI)
Learning curves saved to: data/internal/parallel_exp/comparison_curves.png
Plot saved to: data/internal/parallel_exp/comparison_curves.png
Done! Check data/internal/same/comparison_curves.png
Starting Parallel Experiments...
Working directory: /home/shigekikusaka/blackrl
Started Proposed (IRL) [PID: 48238]
Started Proposed (IRL, no 2nd term) [PID: 48239]
Started Oracle (SoftQL) [PID: 48240]
Started Oracle (SoftVI) [PID: 48241]

All experiments started in background!
You can safely close the terminal. Processes will continue running.

PID files saved: data/internal/ex-all1000/.pids_irl.txt, data/internal/ex-all1000/.pids_irl_no_second_term.txt, data/internal/ex-all1000/.pids_softql.txt, data/internal/ex-all1000/.pids_softvi.txt
To check progress: tail -f data/internal/ex-all1000/logs_irl.txt (or logs_irl_no_second_term.txt, logs_softql.txt, logs_softvi.txt)
To check if still running: ps -p 48238 48239 48240 48241

Waiting for all experiments to finish...
(Press Ctrl+C to detach - processes will continue in background)
Starting Parallel Experiments...
Working directory: /home/shigekikusaka/blackrl
Started Proposed (IRL) [PID: 65569]
Started Proposed (IRL, no 2nd term) [PID: 65570]
Started Oracle (SoftQL) [PID: 65571]
Started Oracle (SoftVI) [PID: 65572]

All experiments started in background!
You can safely close the terminal. Processes will continue running.

PID files saved: data/internal/ex-all1000/.pids_irl.txt, data/internal/ex-all1000/.pids_irl_no_second_term.txt, data/internal/ex-all1000/.pids_softql.txt, data/internal/ex-all1000/.pids_softvi.txt
To check progress: tail -f data/internal/ex-all1000/logs_irl.txt (or logs_irl_no_second_term.txt, logs_softql.txt, logs_softvi.txt)
To check if still running: ps -p 65569 65570 65571 65572

Waiting for all experiments to finish...
(Press Ctrl+C to detach - processes will continue in background)
Starting Parallel Experiments...
Working directory: /home/shigekikusaka/blackrl
Started Proposed (IRL) [PID: 98888]
Started Proposed (IRL, no 2nd term) [PID: 98889]
Started Oracle (SoftQL) [PID: 98890]
Started Oracle (SoftVI) [PID: 98891]

All experiments started in background!
You can safely close the terminal. Processes will continue running.

PID files saved: data/internal/ex-all1000/.pids_irl.txt, data/internal/ex-all1000/.pids_irl_no_second_term.txt, data/internal/ex-all1000/.pids_softql.txt, data/internal/ex-all1000/.pids_softvi.txt
To check progress: tail -f data/internal/ex-all1000/logs_irl.txt (or logs_irl_no_second_term.txt, logs_softql.txt, logs_softvi.txt)
To check if still running: ps -p 98888 98889 98890 98891

Waiting for all experiments to finish...
(Press Ctrl+C to detach - processes will continue in background)
All experiments finished!
Generating plots...
2025-12-22 08:38:20.190 | INFO     | blackrl.config:<module>:11 - PROJ_ROOT path is: /data01/shigekikusaka/blackrl

=== Merging Results and Plotting (from data/internal/ex-all1000) ===
Warning: Result file for Proposed (IRL) not found at data/internal/ex-all1000/stats_irl.pkl
Warning: Result file for Proposed (IRL, no 2nd term) not found at data/internal/ex-all1000/stats_irl_no_second_term.pkl
Loaded: Oracle (SoftQL)
Loaded: Oracle (SoftVI)
Learning curves saved to: data/internal/ex-all1000/comparison_curves.png
Plot saved to: data/internal/ex-all1000/comparison_curves.png
Done! Check data/internal/ex-all1000/comparison_curves.png
Starting Parallel Experiments...
Working directory: /home/shigekikusaka/blackrl
Started Proposed (IRL) [PID: 740337]
Started Proposed (IRL, no 2nd term) [PID: 740338]
Started Oracle (SoftQL) [PID: 740339]
Started Oracle (SoftVI) [PID: 740340]

All experiments started in background!
You can safely close the terminal. Processes will continue running.

PID files saved: data/internal/ex/.pids_irl.txt, data/internal/ex/.pids_irl_no_second_term.txt, data/internal/ex/.pids_softql.txt, data/internal/ex/.pids_softvi.txt
To check progress: tail -f data/internal/ex/logs_irl.txt (or logs_irl_no_second_term.txt, logs_softql.txt, logs_softvi.txt)
To check if still running: ps -p 740337 740338 740339 740340

Waiting for all experiments to finish...
(Press Ctrl+C to detach - processes will continue in background)
Starting Parallel Experiments...
Working directory: /home/shigekikusaka/blackrl
Started Proposed (IRL) [PID: 912295]
Started Proposed (IRL, no 2nd term) [PID: 912296]
Started Oracle (SoftQL) [PID: 912297]
Started Oracle (SoftVI) [PID: 912298]

All experiments started in background!
You can safely close the terminal. Processes will continue running.

PID files saved: data/internal/ex/.pids_irl.txt, data/internal/ex/.pids_irl_no_second_term.txt, data/internal/ex/.pids_softql.txt, data/internal/ex/.pids_softvi.txt
To check progress: tail -f data/internal/ex/logs_irl.txt (or logs_irl_no_second_term.txt, logs_softql.txt, logs_softvi.txt)
To check if still running: ps -p 912295 912296 912297 912298

Waiting for all experiments to finish...
(Press Ctrl+C to detach - processes will continue in background)
Starting Parallel Experiments...
Working directory: /home/shigekikusaka/blackrl
Started Proposed (IRL) [PID: 1053545]
Started Proposed (IRL, no 2nd term) [PID: 1053546]
Started Oracle (SoftQL) [PID: 1053547]
Started Oracle (SoftVI) [PID: 1053548]

All experiments started in background!
You can safely close the terminal. Processes will continue running.

PID files saved: data/internal/ex0.9/.pids_irl.txt, data/internal/ex0.9/.pids_irl_no_second_term.txt, data/internal/ex0.9/.pids_softql.txt, data/internal/ex0.9/.pids_softvi.txt
To check progress: tail -f data/internal/ex0.9/logs_irl.txt (or logs_irl_no_second_term.txt, logs_softql.txt, logs_softvi.txt)
To check if still running: ps -p 1053545 1053546 1053547 1053548

Waiting for all experiments to finish...
(Press Ctrl+C to detach - processes will continue in background)
Starting Parallel Experiments...
Working directory: /home/shigekikusaka/blackrl
Started Proposed (IRL) [PID: 1054806]
Started Proposed (IRL, no 2nd term) [PID: 1054807]
Started Oracle (SoftQL) [PID: 1054808]
Started Oracle (SoftVI) [PID: 1054809]

All experiments started in background!
You can safely close the terminal. Processes will continue running.

PID files saved: data/internal/ex0.95/.pids_irl.txt, data/internal/ex0.95/.pids_irl_no_second_term.txt, data/internal/ex0.95/.pids_softql.txt, data/internal/ex0.95/.pids_softvi.txt
To check progress: tail -f data/internal/ex0.95/logs_irl.txt (or logs_irl_no_second_term.txt, logs_softql.txt, logs_softvi.txt)
To check if still running: ps -p 1054806 1054807 1054808 1054809

Waiting for all experiments to finish...
(Press Ctrl+C to detach - processes will continue in background)
Starting Parallel Experiments...
Working directory: /home/shigekikusaka/blackrl
Started Proposed (IRL) [PID: 1060185]
Started Proposed (IRL, no 2nd term) [PID: 1060186]
Started Oracle (SoftQL) [PID: 1060187]
Started Oracle (SoftVI) [PID: 1060188]

All experiments started in background!
You can safely close the terminal. Processes will continue running.

PID files saved: data/internal/ex/.pids_irl.txt, data/internal/ex/.pids_irl_no_second_term.txt, data/internal/ex/.pids_softql.txt, data/internal/ex/.pids_softvi.txt
To check progress: tail -f data/internal/ex/logs_irl.txt (or logs_irl_no_second_term.txt, logs_softql.txt, logs_softvi.txt)
To check if still running: ps -p 1060185 1060186 1060187 1060188

Waiting for all experiments to finish...
(Press Ctrl+C to detach - processes will continue in background)
All experiments finished!
Generating plots...
2025-12-23 06:08:13.219 | INFO     | blackrl.config:<module>:11 - PROJ_ROOT path is: /data01/shigekikusaka/blackrl

=== Merging Results and Plotting (from data/internal/ex) ===
Loaded: Proposed (IRL)
Loaded: Proposed (IRL, no 2nd term)
Loaded: Oracle (SoftQL)
Loaded: Oracle (SoftVI)
Learning curves saved to: data/internal/ex/comparison_curves.png
Plot saved to: data/internal/ex/comparison_curves.png
Done! Check data/internal/ex/comparison_curves.png
All experiments finished!
Generating plots...
2025-12-23 07:50:37.810 | INFO     | blackrl.config:<module>:11 - PROJ_ROOT path is: /data01/shigekikusaka/blackrl

=== Merging Results and Plotting (from data/internal/ex0.9) ===
Loaded: Proposed (IRL)
Loaded: Proposed (IRL, no 2nd term)
Loaded: Oracle (SoftQL)
Loaded: Oracle (SoftVI)
Learning curves saved to: data/internal/ex0.9/comparison_curves.png
Plot saved to: data/internal/ex0.9/comparison_curves.png
sh/run.sh: line 66: ho: command not found
All experiments finished!
Generating plots...
2025-12-23 10:07:30.883 | INFO     | blackrl.config:<module>:11 - PROJ_ROOT path is: /data01/shigekikusaka/blackrl

=== Merging Results and Plotting (from data/internal/ex0.95) ===
Loaded: Proposed (IRL)
Loaded: Proposed (IRL, no 2nd term)
Loaded: Oracle (SoftQL)
Loaded: Oracle (SoftVI)
Learning curves saved to: data/internal/ex0.95/comparison_curves.png
Plot saved to: data/internal/ex0.95/comparison_curves.png
sh/run.sh: line 66: o: command not found
Starting Parallel Experiments...
Working directory: /home/shigekikusaka/blackrl
Started Proposed (IRL) [PID: 3745577]
Started Proposed (IRL, no 2nd term) [PID: 3745578]
Started Oracle (SoftQL) [PID: 3745579]
Started Oracle (SoftVI) [PID: 3745580]

All experiments started in background!
You can safely close the terminal. Processes will continue running.

PID files saved: data/internal/ex0.99/.pids_irl.txt, data/internal/ex0.99/.pids_irl_no_second_term.txt, data/internal/ex0.99/.pids_softql.txt, data/internal/ex0.99/.pids_softvi.txt
To check progress: tail -f data/internal/ex0.99/logs_irl.txt (or logs_irl_no_second_term.txt, logs_softql.txt, logs_softvi.txt)
To check if still running: ps -p 3745577 3745578 3745579 3745580

Waiting for all experiments to finish...
(Press Ctrl+C to detach - processes will continue in background)
Starting Parallel Experiments...
Working directory: /home/shigekikusaka/blackrl
Started Proposed (IRL) [PID: 4126766]
Started Proposed (IRL, no 2nd term) [PID: 4126767]
Started Oracle (SoftQL) [PID: 4126768]
Started Oracle (SoftVI) [PID: 4126769]

All experiments started in background!
You can safely close the terminal. Processes will continue running.

PID files saved: data/internal/test/.pids_irl.txt, data/internal/test/.pids_irl_no_second_term.txt, data/internal/test/.pids_softql.txt, data/internal/test/.pids_softvi.txt
To check progress: tail -f data/internal/test/logs_irl.txt (or logs_irl_no_second_term.txt, logs_softql.txt, logs_softvi.txt)
To check if still running: ps -p 4126766 4126767 4126768 4126769

Waiting for all experiments to finish...
(Press Ctrl+C to detach - processes will continue in background)
Starting Parallel Experiments...
Working directory: /home/shigekikusaka/blackrl
Started Proposed (IRL) [PID: 4136035]
Started Proposed (IRL, no 2nd term) [PID: 4136036]
Started Oracle (SoftQL) [PID: 4136037]
Started Oracle (SoftVI) [PID: 4136038]

All experiments started in background!
You can safely close the terminal. Processes will continue running.

PID files saved: data/internal/test1/.pids_irl.txt, data/internal/test1/.pids_irl_no_second_term.txt, data/internal/test1/.pids_softql.txt, data/internal/test1/.pids_softvi.txt
To check progress: tail -f data/internal/test1/logs_irl.txt (or logs_irl_no_second_term.txt, logs_softql.txt, logs_softvi.txt)
To check if still running: ps -p 4136035 4136036 4136037 4136038

Waiting for all experiments to finish...
(Press Ctrl+C to detach - processes will continue in background)
All experiments finished!
Generating plots...
2025-12-24 11:33:32.934 | INFO     | blackrl.config:<module>:11 - PROJ_ROOT path is: /data01/shigekikusaka/blackrl

=== Merging Results and Plotting (from data/internal/ex0.99) ===
Loaded: Proposed (IRL)
Loaded: Proposed (IRL, no 2nd term)
Warning: Result file for Oracle (SoftQL) not found at data/internal/ex0.99/stats_softql.pkl
Loaded: Oracle (SoftVI)
Learning curves saved to: data/internal/ex0.99/comparison_curves.png
Plot saved to: data/internal/ex0.99/comparison_curves.png
Done! Check data/internal/ex0.99/comparison_curves.png
Starting Parallel Experiments...
Working directory: /home/shigekikusaka/blackrl
Started Proposed (IRL) [PID: 868923]
Started Proposed (IRL, no 2nd term) [PID: 868924]
Started Oracle (SoftQL) [PID: 868925]
Started Oracle (SoftVI) [PID: 868926]

All experiments started in background!
You can safely close the terminal. Processes will continue running.

PID files saved: data/internal/test/.pids_irl.txt, data/internal/test/.pids_irl_no_second_term.txt, data/internal/test/.pids_softql.txt, data/internal/test/.pids_softvi.txt
To check progress: tail -f data/internal/test/logs_irl.txt (or logs_irl_no_second_term.txt, logs_softql.txt, logs_softvi.txt)
To check if still running: ps -p 868923 868924 868925 868926

Waiting for all experiments to finish...
(Press Ctrl+C to detach - processes will continue in background)
Starting Parallel Experiments...
Working directory: /home/shigekikusaka/blackrl
Started Proposed (IRL) [PID: 885906]
Started Proposed (IRL, no 2nd term) [PID: 885907]
Started Oracle (SoftQL) [PID: 885908]
Started Oracle (SoftVI) [PID: 885909]

All experiments started in background!
You can safely close the terminal. Processes will continue running.

PID files saved: data/internal/test/.pids_irl.txt, data/internal/test/.pids_irl_no_second_term.txt, data/internal/test/.pids_softql.txt, data/internal/test/.pids_softvi.txt
To check progress: tail -f data/internal/test/logs_irl.txt (or logs_irl_no_second_term.txt, logs_softql.txt, logs_softvi.txt)
To check if still running: ps -p 885906 885907 885908 885909

Waiting for all experiments to finish...
(Press Ctrl+C to detach - processes will continue in background)
Starting Parallel Experiments...
Working directory: /home/shigekikusaka/blackrl
Started Proposed (IRL) [PID: 886338]
Started Proposed (IRL, no 2nd term) [PID: 886339]
Started Oracle (SoftQL) [PID: 886340]
Started Oracle (SoftVI) [PID: 886341]

All experiments started in background!
You can safely close the terminal. Processes will continue running.

PID files saved: data/internal/test/.pids_irl.txt, data/internal/test/.pids_irl_no_second_term.txt, data/internal/test/.pids_softql.txt, data/internal/test/.pids_softvi.txt
To check progress: tail -f data/internal/test/logs_irl.txt (or logs_irl_no_second_term.txt, logs_softql.txt, logs_softvi.txt)
To check if still running: ps -p 886338 886339 886340 886341

Waiting for all experiments to finish...
(Press Ctrl+C to detach - processes will continue in background)
Starting Parallel Experiments...
Working directory: /home/shigekikusaka/blackrl
Started Proposed (IRL) [PID: 887013]
Started Proposed (IRL, no 2nd term) [PID: 887014]
Started Oracle (SoftQL) [PID: 887015]
Started Oracle (SoftVI) [PID: 887016]

All experiments started in background!
You can safely close the terminal. Processes will continue running.

PID files saved: data/internal/test/.pids_irl.txt, data/internal/test/.pids_irl_no_second_term.txt, data/internal/test/.pids_softql.txt, data/internal/test/.pids_softvi.txt
To check progress: tail -f data/internal/test/logs_irl.txt (or logs_irl_no_second_term.txt, logs_softql.txt, logs_softvi.txt)
To check if still running: ps -p 887013 887014 887015 887016

Waiting for all experiments to finish...
(Press Ctrl+C to detach - processes will continue in background)
Starting Parallel Experiments...
Working directory: /home/shigekikusaka/blackrl
Started Proposed (IRL) [PID: 888899]
Started Proposed (IRL, no 2nd term) [PID: 888900]
Started Oracle (SoftQL) [PID: 888901]
Started Oracle (SoftVI) [PID: 888902]

All experiments started in background!
You can safely close the terminal. Processes will continue running.

PID files saved: data/internal/test/.pids_irl.txt, data/internal/test/.pids_irl_no_second_term.txt, data/internal/test/.pids_softql.txt, data/internal/test/.pids_softvi.txt
To check progress: tail -f data/internal/test/logs_irl.txt (or logs_irl_no_second_term.txt, logs_softql.txt, logs_softvi.txt)
To check if still running: ps -p 888899 888900 888901 888902

Waiting for all experiments to finish...
(Press Ctrl+C to detach - processes will continue in background)
Starting Parallel Experiments...
Working directory: /home/shigekikusaka/blackrl
Started Proposed (IRL) [PID: 1115988]
Started Proposed (IRL, no 2nd term) [PID: 1115989]
Started Oracle (SoftQL) [PID: 1115990]
Started Oracle (SoftVI) [PID: 1115991]

All experiments started in background!
You can safely close the terminal. Processes will continue running.

PID files saved: data/internal/test/.pids_irl.txt, data/internal/test/.pids_irl_no_second_term.txt, data/internal/test/.pids_softql.txt, data/internal/test/.pids_softvi.txt
To check progress: tail -f data/internal/test/logs_irl.txt (or logs_irl_no_second_term.txt, logs_softql.txt, logs_softvi.txt)
To check if still running: ps -p 1115988 1115989 1115990 1115991

Waiting for all experiments to finish...
(Press Ctrl+C to detach - processes will continue in background)
Starting Parallel Experiments...
Working directory: /home/shigekikusaka/blackrl
Started Proposed (IRL) [PID: 1126086]
Started Proposed (IRL, no 2nd term) [PID: 1126087]
Started Oracle (SoftQL) [PID: 1126088]
Started Oracle (SoftVI) [PID: 1126089]

All experiments started in background!
You can safely close the terminal. Processes will continue running.

PID files saved: data/internal/test/.pids_irl.txt, data/internal/test/.pids_irl_no_second_term.txt, data/internal/test/.pids_softql.txt, data/internal/test/.pids_softvi.txt
To check progress: tail -f data/internal/test/logs_irl.txt (or logs_irl_no_second_term.txt, logs_softql.txt, logs_softvi.txt)
To check if still running: ps -p 1126086 1126087 1126088 1126089

Waiting for all experiments to finish...
(Press Ctrl+C to detach - processes will continue in background)
All experiments finished!
Generating plots...

=== Merging Results and Plotting (from data/internal/test) ===
Traceback (most recent call last):
  File "/data01/shigekikusaka/blackrl/scripts/runrun.py", line 133, in <module>
    main()
    ~~~~^^
  File "/data01/shigekikusaka/blackrl/scripts/runrun.py", line 127, in main
    merge_and_plot(args.output_dir)
    ~~~~~~~~~~~~~~^^^^^^^^^^^^^^^^^
  File "/data01/shigekikusaka/blackrl/scripts/runrun.py", line 98, in merge_and_plot
    path = output_dir / f"stats_{mode_key}.pkl"
           ~~~~~~~~~~~^~~~~~~~~~~~~~~~~~~~~~~~~
TypeError: unsupported operand type(s) for /: 'str' and 'str'
Starting Parallel Experiments...
Working directory: /home/shigekikusaka/blackrl
Started Proposed (IRL) [PID: 1139673]
Started Proposed (IRL, no 2nd term) [PID: 1139674]
Started Oracle (SoftQL) [PID: 1139675]
Started Oracle (SoftVI) [PID: 1139676]

All experiments started in background!
You can safely close the terminal. Processes will continue running.

PID files saved: data/internal/test1/.pids_irl.txt, data/internal/test1/.pids_irl_no_second_term.txt, data/internal/test1/.pids_softql.txt, data/internal/test1/.pids_softvi.txt
To check progress: tail -f data/internal/test1/logs_irl.txt (or logs_irl_no_second_term.txt, logs_softql.txt, logs_softvi.txt)
To check if still running: ps -p 1139673 1139674 1139675 1139676

Waiting for all experiments to finish...
(Press Ctrl+C to detach - processes will continue in background)
All experiments finished!
Generating plots...

=== Merging Results and Plotting (from data/internal/test1) ===
Traceback (most recent call last):
  File "/data01/shigekikusaka/blackrl/scripts/runrun.py", line 133, in <module>
    main()
    ~~~~^^
  File "/data01/shigekikusaka/blackrl/scripts/runrun.py", line 127, in main
    merge_and_plot(args.output_dir)
    ~~~~~~~~~~~~~~^^^^^^^^^^^^^^^^^
  File "/data01/shigekikusaka/blackrl/scripts/runrun.py", line 98, in merge_and_plot
    path = output_dir / f"stats_{mode_key}.pkl"
           ~~~~~~~~~~~^~~~~~~~~~~~~~~~~~~~~~~~~
TypeError: unsupported operand type(s) for /: 'str' and 'str'
Starting Parallel Experiments...
Working directory: /home/shigekikusaka/blackrl
Started Proposed (IRL) [PID: 1159385]
Started Proposed (IRL, no 2nd term) [PID: 1159386]
Started Oracle (SoftQL) [PID: 1159387]
Started Oracle (SoftVI) [PID: 1159388]

All experiments started in background!
You can safely close the terminal. Processes will continue running.

PID files saved: data/internal/test1/.pids_irl.txt, data/internal/test1/.pids_irl_no_second_term.txt, data/internal/test1/.pids_softql.txt, data/internal/test1/.pids_softvi.txt
To check progress: tail -f data/internal/test1/logs_irl.txt (or logs_irl_no_second_term.txt, logs_softql.txt, logs_softvi.txt)
To check if still running: ps -p 1159385 1159386 1159387 1159388

Waiting for all experiments to finish...
(Press Ctrl+C to detach - processes will continue in background)
All experiments finished!
Generating plots...

=== Merging Results and Plotting (from data/internal/test1) ===
Loaded: Proposed (IRL)
Loaded: Proposed (IRL, no 2nd term)
Loaded: Oracle (SoftQL)
Loaded: Oracle (SoftVI)
Learning curves saved to: data/internal/test1/comparison_curves.pdf
Plot saved to: data/internal/test1/comparison_curves.pdf
Done! Check data/internal/test1/comparison_curves.png
Starting Parallel Experiments...
Working directory: /home/shigekikusaka/blackrl
Started Proposed (IRL) [PID: 1178322]
Started Proposed (IRL, no 2nd term) [PID: 1178323]
Started Oracle (SoftQL) [PID: 1178324]
Started Oracle (SoftVI) [PID: 1178325]

All experiments started in background!
You can safely close the terminal. Processes will continue running.

PID files saved: data/internal/test1/.pids_irl.txt, data/internal/test1/.pids_irl_no_second_term.txt, data/internal/test1/.pids_softql.txt, data/internal/test1/.pids_softvi.txt
To check progress: tail -f data/internal/test1/logs_irl.txt (or logs_irl_no_second_term.txt, logs_softql.txt, logs_softvi.txt)
To check if still running: ps -p 1178322 1178323 1178324 1178325

Waiting for all experiments to finish...
(Press Ctrl+C to detach - processes will continue in background)
Starting Parallel Experiments...
Working directory: /home/shigekikusaka/blackrl
Started Proposed (IRL) [PID: 1180199]
Started Proposed (IRL, no 2nd term) [PID: 1180200]
Started Oracle (SoftQL) [PID: 1180201]
Started Oracle (SoftVI) [PID: 1180202]

All experiments started in background!
You can safely close the terminal. Processes will continue running.

PID files saved: data/internal/test/.pids_irl.txt, data/internal/test/.pids_irl_no_second_term.txt, data/internal/test/.pids_softql.txt, data/internal/test/.pids_softvi.txt
To check progress: tail -f data/internal/test/logs_irl.txt (or logs_irl_no_second_term.txt, logs_softql.txt, logs_softvi.txt)
To check if still running: ps -p 1180199 1180200 1180201 1180202

Waiting for all experiments to finish...
(Press Ctrl+C to detach - processes will continue in background)
Starting Parallel Experiments...
Working directory: /home/shigekikusaka/blackrl
Started Proposed (IRL) [PID: 1186218]
Started Proposed (IRL, no 2nd term) [PID: 1186219]
Started Oracle (SoftQL) [PID: 1186220]
Started Oracle (SoftVI) [PID: 1186221]

All experiments started in background!
You can safely close the terminal. Processes will continue running.

PID files saved: data/internal/test/.pids_irl.txt, data/internal/test/.pids_irl_no_second_term.txt, data/internal/test/.pids_softql.txt, data/internal/test/.pids_softvi.txt
To check progress: tail -f data/internal/test/logs_irl.txt (or logs_irl_no_second_term.txt, logs_softql.txt, logs_softvi.txt)
To check if still running: ps -p 1186218 1186219 1186220 1186221

Waiting for all experiments to finish...
(Press Ctrl+C to detach - processes will continue in background)
All experiments finished!
Generating plots...

=== Merging Results and Plotting (from data/internal/test1) ===
Loaded: Proposed (IRL)
Loaded: Proposed (IRL, no 2nd term)
Loaded: Oracle (SoftQL)
Loaded: Oracle (SoftVI)
Learning curves saved to: data/internal/test1/comparison_curves.pdf
Plot saved to: data/internal/test1/comparison_curves.pdf
Done! Check data/internal/test1/comparison_curves.png
All experiments finished!
Generating plots...

=== Merging Results and Plotting (from data/internal/test) ===
Loaded: Proposed (IRL)
Loaded: Proposed (IRL, no 2nd term)
Loaded: Oracle (SoftQL)
Loaded: Oracle (SoftVI)
Learning curves saved to: data/internal/test/comparison_curves.pdf
Plot saved to: data/internal/test/comparison_curves.pdf
Done! Check data/internal/test/comparison_curves.png
Starting Parallel Experiments...
Working directory: /home/shigekikusaka/blackrl
Started Proposed (IRL) [PID: 1198634]
Started Proposed (IRL, no 2nd term) [PID: 1198635]
Started Oracle (SoftQL) [PID: 1198636]
Started Oracle (SoftVI) [PID: 1198637]

All experiments started in background!
You can safely close the terminal. Processes will continue running.

PID files saved: data/internal/test/.pids_irl.txt, data/internal/test/.pids_irl_no_second_term.txt, data/internal/test/.pids_softql.txt, data/internal/test/.pids_softvi.txt
To check progress: tail -f data/internal/test/logs_irl.txt (or logs_irl_no_second_term.txt, logs_softql.txt, logs_softvi.txt)
To check if still running: ps -p 1198634 1198635 1198636 1198637

Waiting for all experiments to finish...
(Press Ctrl+C to detach - processes will continue in background)
All experiments finished!
Generating plots...

=== Merging Results and Plotting (from data/internal/test) ===
Loaded: Proposed (IRL)
Loaded: Proposed (IRL, no 2nd term)
Loaded: Oracle (SoftQL)
Loaded: Oracle (SoftVI)
Learning curves saved to: data/internal/test/comparison_curves.pdf
Plot saved to: data/internal/test/comparison_curves.pdf
Done! Check data/internal/test/comparison_curves.png
Starting Parallel Experiments...
Working directory: /home/shigekikusaka/blackrl
Started Proposed (IRL) [PID: 1223520]
Started Proposed (IRL, no 2nd term) [PID: 1223521]
Started Oracle (SoftQL) [PID: 1223522]
Started Oracle (SoftVI) [PID: 1223523]

All experiments started in background!
You can safely close the terminal. Processes will continue running.

PID files saved: data/internal/test/.pids_irl.txt, data/internal/test/.pids_irl_no_second_term.txt, data/internal/test/.pids_softql.txt, data/internal/test/.pids_softvi.txt
To check progress: tail -f data/internal/test/logs_irl.txt (or logs_irl_no_second_term.txt, logs_softql.txt, logs_softvi.txt)
To check if still running: ps -p 1223520 1223521 1223522 1223523

Waiting for all experiments to finish...
(Press Ctrl+C to detach - processes will continue in background)
All experiments finished!
Generating plots...

=== Merging Results and Plotting (from data/internal/test) ===
Loaded: Proposed (IRL)
Loaded: Proposed (IRL, no 2nd term)
Loaded: Oracle (SoftQL)
Loaded: Oracle (SoftVI)
Learning curves saved to: data/internal/test/comparison_curves.pdf
Plot saved to: data/internal/test/comparison_curves.pdf
Done! Check data/internal/test/comparison_curves.png
Starting Parallel Experiments...
Working directory: /home/shigekikusaka/blackrl
Started Proposed (IRL) [PID: 1243352]
Started Proposed (IRL, no 2nd term) [PID: 1243353]
Started Oracle (SoftQL) [PID: 1243354]
Started Oracle (SoftVI) [PID: 1243355]

All experiments started in background!
You can safely close the terminal. Processes will continue running.

PID files saved: data/internal/test/.pids_irl.txt, data/internal/test/.pids_irl_no_second_term.txt, data/internal/test/.pids_softql.txt, data/internal/test/.pids_softvi.txt
To check progress: tail -f data/internal/test/logs_irl.txt (or logs_irl_no_second_term.txt, logs_softql.txt, logs_softvi.txt)
To check if still running: ps -p 1243352 1243353 1243354 1243355

Waiting for all experiments to finish...
(Press Ctrl+C to detach - processes will continue in background)
Starting Parallel Experiments...
Working directory: /home/shigekikusaka/blackrl
Started Proposed (IRL) [PID: 1253032]
Started Proposed (IRL, no 2nd term) [PID: 1253033]
Started Oracle (SoftQL) [PID: 1253034]
Started Oracle (SoftVI) [PID: 1253035]

All experiments started in background!
You can safely close the terminal. Processes will continue running.

PID files saved: data/internal/test1/.pids_irl.txt, data/internal/test1/.pids_irl_no_second_term.txt, data/internal/test1/.pids_softql.txt, data/internal/test1/.pids_softvi.txt
To check progress: tail -f data/internal/test1/logs_irl.txt (or logs_irl_no_second_term.txt, logs_softql.txt, logs_softvi.txt)
To check if still running: ps -p 1253032 1253033 1253034 1253035

Waiting for all experiments to finish...
(Press Ctrl+C to detach - processes will continue in background)
All experiments finished!
Generating plots...

=== Merging Results and Plotting (from data/internal/test) ===
Loaded: Proposed (IRL)
Loaded: Proposed (IRL, no 2nd term)
Loaded: Oracle (SoftQL)
Loaded: Oracle (SoftVI)
Learning curves saved to: data/internal/test/comparison_curves.pdf
Plot saved to: data/internal/test/comparison_curves.pdf
Done! Check data/internal/test/comparison_curves.png
All experiments finished!
Generating plots...

=== Merging Results and Plotting (from data/internal/test1) ===
Loaded: Proposed (IRL)
Loaded: Proposed (IRL, no 2nd term)
Loaded: Oracle (SoftQL)
Loaded: Oracle (SoftVI)
Learning curves saved to: data/internal/test1/comparison_curves.pdf
Plot saved to: data/internal/test1/comparison_curves.pdf
Done! Check data/internal/test1/comparison_curves.png
Starting Parallel Experiments...
Working directory: /home/shigekikusaka/blackrl
Started Proposed (IRL) [PID: 1319923]
Started Proposed (IRL, no 2nd term) [PID: 1319924]
Started Oracle (SoftQL) [PID: 1319925]
Started Oracle (SoftVI) [PID: 1319926]

All experiments started in background!
You can safely close the terminal. Processes will continue running.

PID files saved: data/internal/test2/.pids_irl.txt, data/internal/test2/.pids_irl_no_second_term.txt, data/internal/test2/.pids_softql.txt, data/internal/test2/.pids_softvi.txt
To check progress: tail -f data/internal/test2/logs_irl.txt (or logs_irl_no_second_term.txt, logs_softql.txt, logs_softvi.txt)
To check if still running: ps -p 1319923 1319924 1319925 1319926

Waiting for all experiments to finish...
(Press Ctrl+C to detach - processes will continue in background)
All experiments finished!
Generating plots...

=== Merging Results and Plotting (from data/internal/test2) ===
Loaded: Proposed (IRL)
Loaded: Proposed (IRL, no 2nd term)
Loaded: Oracle (SoftQL)
Loaded: Oracle (SoftVI)
Learning curves saved to: data/internal/test2/comparison_curves.pdf
Plot saved to: data/internal/test2/comparison_curves.pdf
Done! Check data/internal/test2/comparison_curves.png
Starting Parallel Experiments...
Working directory: /home/shigekikusaka/blackrl
Started Proposed (IRL) [PID: 1343141]
Started Proposed (IRL, no 2nd term) [PID: 1343142]
Started Oracle (SoftQL) [PID: 1343143]
Started Oracle (SoftVI) [PID: 1343144]

All experiments started in background!
You can safely close the terminal. Processes will continue running.

PID files saved: data/internal/test3/.pids_irl.txt, data/internal/test3/.pids_irl_no_second_term.txt, data/internal/test3/.pids_softql.txt, data/internal/test3/.pids_softvi.txt
To check progress: tail -f data/internal/test3/logs_irl.txt (or logs_irl_no_second_term.txt, logs_softql.txt, logs_softvi.txt)
To check if still running: ps -p 1343141 1343142 1343143 1343144

Waiting for all experiments to finish...
(Press Ctrl+C to detach - processes will continue in background)
All experiments finished!
Generating plots...

=== Merging Results and Plotting (from data/internal/test3) ===
Loaded: Proposed (IRL)
Loaded: Proposed (IRL, no 2nd term)
Loaded: Oracle (SoftQL)
Loaded: Oracle (SoftVI)
Learning curves saved to: data/internal/test3/comparison_curves.pdf
Plot saved to: data/internal/test3/comparison_curves.pdf
Done! Check data/internal/test3/comparison_curves.png
Starting Parallel Experiments...
Working directory: /home/shigekikusaka/blackrl
Started Proposed (IRL) [PID: 1366021]
Started Proposed (IRL, no 2nd term) [PID: 1366022]
Started Oracle (SoftQL) [PID: 1366023]
Started Oracle (SoftVI) [PID: 1366024]

All experiments started in background!
You can safely close the terminal. Processes will continue running.

PID files saved: data/internal/test4/.pids_irl.txt, data/internal/test4/.pids_irl_no_second_term.txt, data/internal/test4/.pids_softql.txt, data/internal/test4/.pids_softvi.txt
To check progress: tail -f data/internal/test4/logs_irl.txt (or logs_irl_no_second_term.txt, logs_softql.txt, logs_softvi.txt)
To check if still running: ps -p 1366021 1366022 1366023 1366024

Waiting for all experiments to finish...
(Press Ctrl+C to detach - processes will continue in background)
Starting Parallel Experiments...
Working directory: /home/shigekikusaka/blackrl
Started Proposed (IRL) [PID: 1367439]
Started Proposed (IRL, no 2nd term) [PID: 1367440]
Started Oracle (SoftQL) [PID: 1367441]
Started Oracle (SoftVI) [PID: 1367442]

All experiments started in background!
You can safely close the terminal. Processes will continue running.

PID files saved: data/internal/test4/.pids_irl.txt, data/internal/test4/.pids_irl_no_second_term.txt, data/internal/test4/.pids_softql.txt, data/internal/test4/.pids_softvi.txt
To check progress: tail -f data/internal/test4/logs_irl.txt (or logs_irl_no_second_term.txt, logs_softql.txt, logs_softvi.txt)
To check if still running: ps -p 1367439 1367440 1367441 1367442

Waiting for all experiments to finish...
(Press Ctrl+C to detach - processes will continue in background)
Starting Parallel Experiments...
Working directory: /home/shigekikusaka/blackrl
Started Proposed (IRL) [PID: 1379435]
Started Proposed (IRL, no 2nd term) [PID: 1379436]
Started Oracle (SoftQL) [PID: 1379437]
Started Oracle (SoftVI) [PID: 1379438]

All experiments started in background!
You can safely close the terminal. Processes will continue running.

PID files saved: data/internal/test5/.pids_irl.txt, data/internal/test5/.pids_irl_no_second_term.txt, data/internal/test5/.pids_softql.txt, data/internal/test5/.pids_softvi.txt
To check progress: tail -f data/internal/test5/logs_irl.txt (or logs_irl_no_second_term.txt, logs_softql.txt, logs_softvi.txt)
To check if still running: ps -p 1379435 1379436 1379437 1379438

Waiting for all experiments to finish...
(Press Ctrl+C to detach - processes will continue in background)
All experiments finished!
Generating plots...

=== Merging Results and Plotting (from data/internal/test5) ===
Loaded: Proposed (IRL)
Loaded: Proposed (IRL, no 2nd term)
Loaded: Oracle (SoftQL)
Loaded: Oracle (SoftVI)
Learning curves saved to: data/internal/test5/comparison_curves.pdf
Plot saved to: data/internal/test5/comparison_curves.pdf
Done! Check data/internal/test5/comparison_curves.png
Starting Parallel Experiments...
Working directory: /home/shigekikusaka/blackrl
Started Proposed (IRL) [PID: 1393279]
Started Proposed (IRL, no 2nd term) [PID: 1393280]
Started Oracle (SoftQL) [PID: 1393281]
Started Oracle (SoftVI) [PID: 1393282]

All experiments started in background!
You can safely close the terminal. Processes will continue running.

PID files saved: data/internal/test6/.pids_irl.txt, data/internal/test6/.pids_irl_no_second_term.txt, data/internal/test6/.pids_softql.txt, data/internal/test6/.pids_softvi.txt
To check progress: tail -f data/internal/test6/logs_irl.txt (or logs_irl_no_second_term.txt, logs_softql.txt, logs_softvi.txt)
To check if still running: ps -p 1393279 1393280 1393281 1393282

Waiting for all experiments to finish...
(Press Ctrl+C to detach - processes will continue in background)
Starting Parallel Experiments...
Working directory: /home/shigekikusaka/blackrl
Started Proposed (IRL) [PID: 1400933]
Started Proposed (IRL, no 2nd term) [PID: 1400934]
Started Oracle (SoftQL) [PID: 1400935]
Started Oracle (SoftVI) [PID: 1400936]

All experiments started in background!
You can safely close the terminal. Processes will continue running.

PID files saved: data/internal/test7/.pids_irl.txt, data/internal/test7/.pids_irl_no_second_term.txt, data/internal/test7/.pids_softql.txt, data/internal/test7/.pids_softvi.txt
To check progress: tail -f data/internal/test7/logs_irl.txt (or logs_irl_no_second_term.txt, logs_softql.txt, logs_softvi.txt)
To check if still running: ps -p 1400933 1400934 1400935 1400936

Waiting for all experiments to finish...
(Press Ctrl+C to detach - processes will continue in background)
All experiments finished!
Generating plots...

=== Merging Results and Plotting (from data/internal/test6) ===
Loaded: Proposed (IRL)
Loaded: Proposed (IRL, no 2nd term)
Loaded: Oracle (SoftQL)
Loaded: Oracle (SoftVI)
Learning curves saved to: data/internal/test6/comparison_curves.pdf
Plot saved to: data/internal/test6/comparison_curves.pdf
Done! Check data/internal/test6/comparison_curves.png
All experiments finished!
Generating plots...

=== Merging Results and Plotting (from data/internal/test7) ===
Loaded: Proposed (IRL)
Loaded: Proposed (IRL, no 2nd term)
Loaded: Oracle (SoftQL)
Loaded: Oracle (SoftVI)
Learning curves saved to: data/internal/test7/comparison_curves.pdf
Plot saved to: data/internal/test7/comparison_curves.pdf
Done! Check data/internal/test7/comparison_curves.png
Starting Parallel Experiments...
Working directory: /home/shigekikusaka/blackrl
Started Proposed (IRL) [PID: 1414203]
Started Proposed (IRL, no 2nd term) [PID: 1414204]
Started Oracle (SoftQL) [PID: 1414205]
Started Oracle (SoftVI) [PID: 1414206]

All experiments started in background!
You can safely close the terminal. Processes will continue running.

PID files saved: data/internal/test8/.pids_irl.txt, data/internal/test8/.pids_irl_no_second_term.txt, data/internal/test8/.pids_softql.txt, data/internal/test8/.pids_softvi.txt
To check progress: tail -f data/internal/test8/logs_irl.txt (or logs_irl_no_second_term.txt, logs_softql.txt, logs_softvi.txt)
To check if still running: ps -p 1414203 1414204 1414205 1414206

Waiting for all experiments to finish...
(Press Ctrl+C to detach - processes will continue in background)
All experiments finished!
Generating plots...

=== Merging Results and Plotting (from data/internal/test8) ===
Loaded: Proposed (IRL)
Loaded: Proposed (IRL, no 2nd term)
Loaded: Oracle (SoftQL)
Loaded: Oracle (SoftVI)
Learning curves saved to: data/internal/test8/comparison_curves.pdf
Plot saved to: data/internal/test8/comparison_curves.pdf
Done! Check data/internal/test8/comparison_curves.png
Starting Parallel Experiments...
Working directory: /home/shigekikusaka/blackrl
Started Proposed (IRL) [PID: 1431270]
Started Proposed (IRL, no 2nd term) [PID: 1431272]
Started Oracle (SoftQL) [PID: 1431273]
Started Oracle (SoftVI) [PID: 1431274]

All experiments started in background!
You can safely close the terminal. Processes will continue running.

PID files saved: data/internal/test9/.pids_irl.txt, data/internal/test9/.pids_irl_no_second_term.txt, data/internal/test9/.pids_softql.txt, data/internal/test9/.pids_softvi.txt
To check progress: tail -f data/internal/test9/logs_irl.txt (or logs_irl_no_second_term.txt, logs_softql.txt, logs_softvi.txt)
To check if still running: ps -p 1431270 1431272 1431273 1431274

Waiting for all experiments to finish...
(Press Ctrl+C to detach - processes will continue in background)
Starting Parallel Experiments...
Working directory: /home/shigekikusaka/blackrl
Started Proposed (IRL) [PID: 1436986]
Started Proposed (IRL, no 2nd term) [PID: 1436987]
Started Oracle (SoftQL) [PID: 1436988]
Started Oracle (SoftVI) [PID: 1436989]

All experiments started in background!
You can safely close the terminal. Processes will continue running.

PID files saved: data/internal/test/.pids_irl.txt, data/internal/test/.pids_irl_no_second_term.txt, data/internal/test/.pids_softql.txt, data/internal/test/.pids_softvi.txt
To check progress: tail -f data/internal/test/logs_irl.txt (or logs_irl_no_second_term.txt, logs_softql.txt, logs_softvi.txt)
To check if still running: ps -p 1436986 1436987 1436988 1436989

Waiting for all experiments to finish...
(Press Ctrl+C to detach - processes will continue in background)
All experiments finished!
Generating plots...

=== Merging Results and Plotting (from data/internal/test9) ===
Loaded: Proposed (IRL)
Loaded: Proposed (IRL, no 2nd term)
Loaded: Oracle (SoftQL)
Loaded: Oracle (SoftVI)
Learning curves saved to: data/internal/test9/comparison_curves.pdf
Plot saved to: data/internal/test9/comparison_curves.pdf
Done! Check data/internal/test9/comparison_curves.png
All experiments finished!
Generating plots...

=== Merging Results and Plotting (from data/internal/test) ===
Loaded: Proposed (IRL)
Loaded: Proposed (IRL, no 2nd term)
Loaded: Oracle (SoftQL)
Loaded: Oracle (SoftVI)
Learning curves saved to: data/internal/test/comparison_curves.pdf
Plot saved to: data/internal/test/comparison_curves.pdf
Done! Check data/internal/test/comparison_curves.png
Starting Parallel Experiments...
Working directory: /home/shigekikusaka/blackrl
Started Proposed (IRL) [PID: 1485082]
Started Proposed (IRL, no 2nd term) [PID: 1485083]
Started Oracle (SoftQL) [PID: 1485084]
Started Oracle (SoftVI) [PID: 1485085]

All experiments started in background!
You can safely close the terminal. Processes will continue running.

PID files saved: data/internal/test1/.pids_irl.txt, data/internal/test1/.pids_irl_no_second_term.txt, data/internal/test1/.pids_softql.txt, data/internal/test1/.pids_softvi.txt
To check progress: tail -f data/internal/test1/logs_irl.txt (or logs_irl_no_second_term.txt, logs_softql.txt, logs_softvi.txt)
To check if still running: ps -p 1485082 1485083 1485084 1485085

Waiting for all experiments to finish...
(Press Ctrl+C to detach - processes will continue in background)
All experiments finished!
Generating plots...

=== Merging Results and Plotting (from data/internal/test1) ===
Loaded: Proposed (IRL)
Loaded: Proposed (IRL, no 2nd term)
Loaded: Oracle (SoftQL)
Loaded: Oracle (SoftVI)
Learning curves saved to: data/internal/test1/comparison_curves.pdf
Plot saved to: data/internal/test1/comparison_curves.pdf
Done! Check data/internal/test1/comparison_curves.png
Starting Parallel Experiments...
Working directory: /home/shigekikusaka/blackrl
Started Proposed (IRL) [PID: 1503345]
Started Proposed (IRL, no 2nd term) [PID: 1503346]
Started Oracle (SoftQL) [PID: 1503347]
Started Oracle (SoftVI) [PID: 1503348]

All experiments started in background!
You can safely close the terminal. Processes will continue running.

PID files saved: data/internal/test1/.pids_irl.txt, data/internal/test1/.pids_irl_no_second_term.txt, data/internal/test1/.pids_softql.txt, data/internal/test1/.pids_softvi.txt
To check progress: tail -f data/internal/test1/logs_irl.txt (or logs_irl_no_second_term.txt, logs_softql.txt, logs_softvi.txt)
To check if still running: ps -p 1503345 1503346 1503347 1503348

Waiting for all experiments to finish...
(Press Ctrl+C to detach - processes will continue in background)
Starting Parallel Experiments...
Working directory: /home/shigekikusaka/blackrl
Started Proposed (IRL) [PID: 1529344]
Started Proposed (IRL, no 2nd term) [PID: 1529345]
Started Oracle (SoftQL) [PID: 1529346]
Started Oracle (SoftVI) [PID: 1529347]

All experiments started in background!
You can safely close the terminal. Processes will continue running.

PID files saved: data/internal/test/.pids_irl.txt, data/internal/test/.pids_irl_no_second_term.txt, data/internal/test/.pids_softql.txt, data/internal/test/.pids_softvi.txt
To check progress: tail -f data/internal/test/logs_irl.txt (or logs_irl_no_second_term.txt, logs_softql.txt, logs_softvi.txt)
To check if still running: ps -p 1529344 1529345 1529346 1529347

Waiting for all experiments to finish...
(Press Ctrl+C to detach - processes will continue in background)
All experiments finished!
Generating plots...

=== Merging Results and Plotting (from data/internal/test) ===
Loaded: Proposed (IRL)
Loaded: Proposed (IRL, no 2nd term)
Loaded: Oracle (SoftQL)
Loaded: Oracle (SoftVI)
Learning curves saved to: data/internal/test/comparison_curves.pdf
Plot saved to: data/internal/test/comparison_curves.pdf
Done! Check data/internal/test/comparison_curves.png
All experiments finished!
Generating plots...

=== Merging Results and Plotting (from data/internal/test1) ===
Loaded: Proposed (IRL)
Loaded: Proposed (IRL, no 2nd term)
Loaded: Oracle (SoftQL)
Loaded: Oracle (SoftVI)
Learning curves saved to: data/internal/test1/comparison_curves.pdf
Plot saved to: data/internal/test1/comparison_curves.pdf
Done! Check data/internal/test1/comparison_curves.png
Starting Parallel Experiments...
Working directory: /home/shigekikusaka/blackrl
Started Proposed (IRL) [PID: 1671534]
Started Proposed (IRL, no 2nd term) [PID: 1671535]
Started Oracle (SoftQL) [PID: 1671536]
Started Oracle (SoftVI) [PID: 1671537]

All experiments started in background!
You can safely close the terminal. Processes will continue running.

PID files saved: data/internal/test/.pids_irl.txt, data/internal/test/.pids_irl_no_second_term.txt, data/internal/test/.pids_softql.txt, data/internal/test/.pids_softvi.txt
To check progress: tail -f data/internal/test/logs_irl.txt (or logs_irl_no_second_term.txt, logs_softql.txt, logs_softvi.txt)
To check if still running: ps -p 1671534 1671535 1671536 1671537

Waiting for all experiments to finish...
(Press Ctrl+C to detach - processes will continue in background)
Starting Parallel Experiments...
Working directory: /home/shigekikusaka/blackrl
Started Proposed (IRL) [PID: 1677565]
Started Proposed (IRL, no 2nd term) [PID: 1677566]
Started Oracle (SoftQL) [PID: 1677567]
Started Oracle (SoftVI) [PID: 1677568]

All experiments started in background!
You can safely close the terminal. Processes will continue running.

PID files saved: data/internal/exp0.5/.pids_irl.txt, data/internal/exp0.5/.pids_irl_no_second_term.txt, data/internal/exp0.5/.pids_softql.txt, data/internal/exp0.5/.pids_softvi.txt
To check progress: tail -f data/internal/exp0.5/logs_irl.txt (or logs_irl_no_second_term.txt, logs_softql.txt, logs_softvi.txt)
To check if still running: ps -p 1677565 1677566 1677567 1677568

Waiting for all experiments to finish...
(Press Ctrl+C to detach - processes will continue in background)
Starting Parallel Experiments...
Working directory: /home/shigekikusaka/blackrl
Started Proposed (IRL) [PID: 1678433]
Started Proposed (IRL, no 2nd term) [PID: 1678434]
Started Oracle (SoftQL) [PID: 1678435]
Started Oracle (SoftVI) [PID: 1678436]

All experiments started in background!
You can safely close the terminal. Processes will continue running.

PID files saved: data/internal/exp0.05/.pids_irl.txt, data/internal/exp0.05/.pids_irl_no_second_term.txt, data/internal/exp0.05/.pids_softql.txt, data/internal/exp0.05/.pids_softvi.txt
To check progress: tail -f data/internal/exp0.05/logs_irl.txt (or logs_irl_no_second_term.txt, logs_softql.txt, logs_softvi.txt)
To check if still running: ps -p 1678433 1678434 1678435 1678436

Waiting for all experiments to finish...
(Press Ctrl+C to detach - processes will continue in background)
